
*** Running vivado
    with args -log main.vds -m64 -product Vivado -mode batch -messageDb vivado.pb -notrace -source main.tcl


****** Vivado v2020.1 (64-bit)
  **** SW Build 2902540 on Wed May 27 19:54:35 MDT 2020
  **** IP Build 2902112 on Wed May 27 22:43:36 MDT 2020
    ** Copyright 1986-2020 Xilinx, Inc. All Rights Reserved.

source main.tcl -notrace
Command: synth_design -top main -part xc7a35tcpg236-1
Starting synth_design
Attempting to get a license for feature 'Synthesis' and/or device 'xc7a35t'
INFO: [Common 17-349] Got license for feature 'Synthesis' and/or device 'xc7a35t'
INFO: [Device 21-403] Loading part xc7a35tcpg236-1
INFO: [Synth 8-7079] Multithreading enabled for synth_design using a maximum of 4 processes.
INFO: [Synth 8-7078] Launching helper process for spawning children vivado processes
INFO: [Synth 8-7075] Helper process launched with PID 5663
---------------------------------------------------------------------------------
Starting RTL Elaboration : Time (s): cpu = 00:00:05 ; elapsed = 00:00:07 . Memory (MB): peak = 2110.613 ; gain = 0.000 ; free physical = 757 ; free virtual = 3640
---------------------------------------------------------------------------------
INFO: [Synth 8-638] synthesizing module 'main' [/home/hugo/Desktop/vhdl-projects/Contator/Contator.srcs/sources_1/new/main.vhd:9]
INFO: [Synth 8-3491] module 'ff_D_clr' declared at '/home/hugo/Desktop/vhdl-projects/Contator/Contator.srcs/sources_1/imports/new/ff_D_clr.vhd:5' bound to instance 'ff0' of component 'ff_D_clr' [/home/hugo/Desktop/vhdl-projects/Contator/Contator.srcs/sources_1/new/main.vhd:65]
INFO: [Synth 8-638] synthesizing module 'ff_D_clr' [/home/hugo/Desktop/vhdl-projects/Contator/Contator.srcs/sources_1/imports/new/ff_D_clr.vhd:13]
INFO: [Synth 8-256] done synthesizing module 'ff_D_clr' (1#1) [/home/hugo/Desktop/vhdl-projects/Contator/Contator.srcs/sources_1/imports/new/ff_D_clr.vhd:13]
INFO: [Synth 8-3491] module 'ff_D_clr' declared at '/home/hugo/Desktop/vhdl-projects/Contator/Contator.srcs/sources_1/imports/new/ff_D_clr.vhd:5' bound to instance 'ff1' of component 'ff_D_clr' [/home/hugo/Desktop/vhdl-projects/Contator/Contator.srcs/sources_1/new/main.vhd:75]
INFO: [Synth 8-3491] module 'ff_D_clr' declared at '/home/hugo/Desktop/vhdl-projects/Contator/Contator.srcs/sources_1/imports/new/ff_D_clr.vhd:5' bound to instance 'ff2' of component 'ff_D_clr' [/home/hugo/Desktop/vhdl-projects/Contator/Contator.srcs/sources_1/new/main.vhd:85]
INFO: [Synth 8-3491] module 'ff_D_clr' declared at '/home/hugo/Desktop/vhdl-projects/Contator/Contator.srcs/sources_1/imports/new/ff_D_clr.vhd:5' bound to instance 'ff3' of component 'ff_D_clr' [/home/hugo/Desktop/vhdl-projects/Contator/Contator.srcs/sources_1/new/main.vhd:95]
INFO: [Synth 8-256] done synthesizing module 'main' (2#1) [/home/hugo/Desktop/vhdl-projects/Contator/Contator.srcs/sources_1/new/main.vhd:9]
---------------------------------------------------------------------------------
Finished RTL Elaboration : Time (s): cpu = 00:00:06 ; elapsed = 00:00:08 . Memory (MB): peak = 2110.613 ; gain = 0.000 ; free physical = 787 ; free virtual = 3673
---------------------------------------------------------------------------------
---------------------------------------------------------------------------------
Start Handling Custom Attributes
---------------------------------------------------------------------------------
---------------------------------------------------------------------------------
Finished Handling Custom Attributes : Time (s): cpu = 00:00:07 ; elapsed = 00:00:09 . Memory (MB): peak = 2110.613 ; gain = 0.000 ; free physical = 788 ; free virtual = 3674
---------------------------------------------------------------------------------
---------------------------------------------------------------------------------
Finished RTL Optimization Phase 1 : Time (s): cpu = 00:00:07 ; elapsed = 00:00:09 . Memory (MB): peak = 2110.613 ; gain = 0.000 ; free physical = 788 ; free virtual = 3674
---------------------------------------------------------------------------------
Netlist sorting complete. Time (s): cpu = 00:00:00 ; elapsed = 00:00:00 . Memory (MB): peak = 2110.613 ; gain = 0.000 ; free physical = 781 ; free virtual = 3668
INFO: [Project 1-570] Preparing netlist for logic optimization

Processing XDC Constraints
Initializing timing engine
Parsing XDC File [/home/hugo/Desktop/vhdl-projects/Contator/Contator.srcs/constrs_1/imports/Downloads/Basys3_Master.xdc]
WARNING: [Vivado 12-584] No ports matched 'clk'. [/home/hugo/Desktop/vhdl-projects/Contator/Contator.srcs/constrs_1/imports/Downloads/Basys3_Master.xdc:7]
CRITICAL WARNING: [Common 17-55] 'set_property' expects at least one object. [/home/hugo/Desktop/vhdl-projects/Contator/Contator.srcs/constrs_1/imports/Downloads/Basys3_Master.xdc:7]
Resolution: If [get_<value>] was used to populate the object, check to make sure this command returns at least one valid object.
WARNING: [Vivado 12-584] No ports matched 'clk'. [/home/hugo/Desktop/vhdl-projects/Contator/Contator.srcs/constrs_1/imports/Downloads/Basys3_Master.xdc:8]
CRITICAL WARNING: [Common 17-55] 'set_property' expects at least one object. [/home/hugo/Desktop/vhdl-projects/Contator/Contator.srcs/constrs_1/imports/Downloads/Basys3_Master.xdc:8]
Resolution: If [get_<value>] was used to populate the object, check to make sure this command returns at least one valid object.
WARNING: [Vivado 12-584] No ports matched 'clk'. [/home/hugo/Desktop/vhdl-projects/Contator/Contator.srcs/constrs_1/imports/Downloads/Basys3_Master.xdc:9]
CRITICAL WARNING: [Vivado 12-4739] create_clock:No valid object(s) found for '-objects [get_ports clk]'. [/home/hugo/Desktop/vhdl-projects/Contator/Contator.srcs/constrs_1/imports/Downloads/Basys3_Master.xdc:9]
Resolution: Check if the specified object(s) exists in the current design. If it does, ensure that the correct design hierarchy was specified for the object. If you are working with clocks, make sure create_clock was used to create the clock object before it is referenced.
Finished Parsing XDC File [/home/hugo/Desktop/vhdl-projects/Contator/Contator.srcs/constrs_1/imports/Downloads/Basys3_Master.xdc]
INFO: [Project 1-236] Implementation specific constraints were found while reading constraint file [/home/hugo/Desktop/vhdl-projects/Contator/Contator.srcs/constrs_1/imports/Downloads/Basys3_Master.xdc]. These constraints will be ignored for synthesis but will be used in implementation. Impacted constraints are listed in the file [.Xil/main_propImpl.xdc].
Resolution: To avoid this warning, move constraints listed in [.Xil/main_propImpl.xdc] to another XDC file and exclude this new file from synthesis with the used_in_synthesis property (File Properties dialog in GUI) and re-run elaboration/synthesis.
Completed Processing XDC Constraints

Netlist sorting complete. Time (s): cpu = 00:00:00 ; elapsed = 00:00:00 . Memory (MB): peak = 2142.492 ; gain = 0.000 ; free physical = 691 ; free virtual = 3578
INFO: [Project 1-111] Unisim Transformation Summary:
No Unisim elements were transformed.

Constraint Validation Runtime : Time (s): cpu = 00:00:00 ; elapsed = 00:00:00 . Memory (MB): peak = 2142.492 ; gain = 0.000 ; free physical = 691 ; free virtual = 3578
---------------------------------------------------------------------------------
Finished Constraint Validation : Time (s): cpu = 00:00:13 ; elapsed = 00:00:17 . Memory (MB): peak = 2142.492 ; gain = 31.879 ; free physical = 734 ; free virtual = 3636
---------------------------------------------------------------------------------
---------------------------------------------------------------------------------
Start Loading Part and Timing Information
---------------------------------------------------------------------------------
Loading part: xc7a35tcpg236-1
---------------------------------------------------------------------------------
Finished Loading Part and Timing Information : Time (s): cpu = 00:00:13 ; elapsed = 00:00:17 . Memory (MB): peak = 2142.492 ; gain = 31.879 ; free physical = 734 ; free virtual = 3636
---------------------------------------------------------------------------------
---------------------------------------------------------------------------------
Start Applying 'set_property' XDC Constraints
---------------------------------------------------------------------------------
---------------------------------------------------------------------------------
Finished applying 'set_property' XDC Constraints : Time (s): cpu = 00:00:14 ; elapsed = 00:00:17 . Memory (MB): peak = 2142.492 ; gain = 31.879 ; free physical = 730 ; free virtual = 3636
---------------------------------------------------------------------------------
---------------------------------------------------------------------------------
Finished RTL Optimization Phase 2 : Time (s): cpu = 00:00:14 ; elapsed = 00:00:18 . Memory (MB): peak = 2142.492 ; gain = 31.879 ; free physical = 728 ; free virtual = 3635
---------------------------------------------------------------------------------
---------------------------------------------------------------------------------
Start RTL Component Statistics 
---------------------------------------------------------------------------------
Detailed RTL Component Info : 
+---Registers : 
	                1 Bit    Registers := 4     
---------------------------------------------------------------------------------
Finished RTL Component Statistics 
---------------------------------------------------------------------------------
---------------------------------------------------------------------------------
Start Part Resource Summary
---------------------------------------------------------------------------------
Part Resources:
DSPs: 90 (col length:60)
BRAMs: 100 (col length: RAMB18 60 RAMB36 30)
---------------------------------------------------------------------------------
Finished Part Resource Summary
---------------------------------------------------------------------------------
---------------------------------------------------------------------------------
Start Cross Boundary and Area Optimization
---------------------------------------------------------------------------------
---------------------------------------------------------------------------------
Finished Cross Boundary and Area Optimization : Time (s): cpu = 00:00:15 ; elapsed = 00:00:19 . Memory (MB): peak = 2142.492 ; gain = 31.879 ; free physical = 715 ; free virtual = 3625
---------------------------------------------------------------------------------
---------------------------------------------------------------------------------
Start Applying XDC Timing Constraints
---------------------------------------------------------------------------------
---------------------------------------------------------------------------------
Finished Applying XDC Timing Constraints : Time (s): cpu = 00:00:24 ; elapsed = 00:00:30 . Memory (MB): peak = 2142.492 ; gain = 31.879 ; free physical = 566 ; free virtual = 3487
---------------------------------------------------------------------------------
---------------------------------------------------------------------------------
Start Timing Optimization
---------------------------------------------------------------------------------
---------------------------------------------------------------------------------
Finished Timing Optimization : Time (s): cpu = 00:00:24 ; elapsed = 00:00:30 . Memory (MB): peak = 2142.492 ; gain = 31.879 ; free physical = 566 ; free virtual = 3486
---------------------------------------------------------------------------------
---------------------------------------------------------------------------------
Start Technology Mapping
---------------------------------------------------------------------------------
---------------------------------------------------------------------------------
Finished Technology Mapping : Time (s): cpu = 00:00:24 ; elapsed = 00:00:30 . Memory (MB): peak = 2142.492 ; gain = 31.879 ; free physical = 563 ; free virtual = 3484
---------------------------------------------------------------------------------
---------------------------------------------------------------------------------
Start IO Insertion
---------------------------------------------------------------------------------
---------------------------------------------------------------------------------
Start Flattening Before IO Insertion
---------------------------------------------------------------------------------
---------------------------------------------------------------------------------
Finished Flattening Before IO Insertion
---------------------------------------------------------------------------------
---------------------------------------------------------------------------------
Start Final Netlist Cleanup
---------------------------------------------------------------------------------
---------------------------------------------------------------------------------
Finished Final Netlist Cleanup
---------------------------------------------------------------------------------
---------------------------------------------------------------------------------
Finished IO Insertion : Time (s): cpu = 00:00:29 ; elapsed = 00:00:35 . Memory (MB): peak = 2142.492 ; gain = 31.879 ; free physical = 590 ; free virtual = 3504
---------------------------------------------------------------------------------
---------------------------------------------------------------------------------
Start Renaming Generated Instances
---------------------------------------------------------------------------------
---------------------------------------------------------------------------------
Finished Renaming Generated Instances : Time (s): cpu = 00:00:29 ; elapsed = 00:00:35 . Memory (MB): peak = 2142.492 ; gain = 31.879 ; free physical = 591 ; free virtual = 3505
---------------------------------------------------------------------------------
---------------------------------------------------------------------------------
Start Rebuilding User Hierarchy
---------------------------------------------------------------------------------
---------------------------------------------------------------------------------
Finished Rebuilding User Hierarchy : Time (s): cpu = 00:00:29 ; elapsed = 00:00:35 . Memory (MB): peak = 2142.492 ; gain = 31.879 ; free physical = 591 ; free virtual = 3505
---------------------------------------------------------------------------------
---------------------------------------------------------------------------------
Start Renaming Generated Ports
---------------------------------------------------------------------------------
---------------------------------------------------------------------------------
Finished Renaming Generated Ports : Time (s): cpu = 00:00:29 ; elapsed = 00:00:35 . Memory (MB): peak = 2142.492 ; gain = 31.879 ; free physical = 591 ; free virtual = 3505
---------------------------------------------------------------------------------
---------------------------------------------------------------------------------
Start Handling Custom Attributes
---------------------------------------------------------------------------------
---------------------------------------------------------------------------------
Finished Handling Custom Attributes : Time (s): cpu = 00:00:29 ; elapsed = 00:00:35 . Memory (MB): peak = 2142.492 ; gain = 31.879 ; free physical = 591 ; free virtual = 3505
---------------------------------------------------------------------------------
---------------------------------------------------------------------------------
Start Renaming Generated Nets
---------------------------------------------------------------------------------
---------------------------------------------------------------------------------
Finished Renaming Generated Nets : Time (s): cpu = 00:00:29 ; elapsed = 00:00:35 . Memory (MB): peak = 2142.492 ; gain = 31.879 ; free physical = 591 ; free virtual = 3505
---------------------------------------------------------------------------------
---------------------------------------------------------------------------------
Start Writing Synthesis Report
---------------------------------------------------------------------------------

Report BlackBoxes: 
+-+--------------+----------+
| |BlackBox name |Instances |
+-+--------------+----------+
+-+--------------+----------+

Report Cell Usage: 
+------+-----+------+
|      |Cell |Count |
+------+-----+------+
|1     |BUFG |     1|
|2     |LUT1 |     4|
|3     |FDPE |     4|
|4     |IBUF |     2|
|5     |OBUF |     4|
+------+-----+------+
---------------------------------------------------------------------------------
Finished Writing Synthesis Report : Time (s): cpu = 00:00:29 ; elapsed = 00:00:35 . Memory (MB): peak = 2142.492 ; gain = 31.879 ; free physical = 591 ; free virtual = 3505
---------------------------------------------------------------------------------
Synthesis finished with 0 errors, 0 critical warnings and 0 warnings.
Synthesis Optimization Runtime : Time (s): cpu = 00:00:27 ; elapsed = 00:00:33 . Memory (MB): peak = 2142.492 ; gain = 0.000 ; free physical = 646 ; free virtual = 3560
Synthesis Optimization Complete : Time (s): cpu = 00:00:29 ; elapsed = 00:00:35 . Memory (MB): peak = 2142.500 ; gain = 31.879 ; free physical = 646 ; free virtual = 3560
INFO: [Project 1-571] Translating synthesized netlist
Netlist sorting complete. Time (s): cpu = 00:00:00 ; elapsed = 00:00:00 . Memory (MB): peak = 2142.500 ; gain = 0.000 ; free physical = 722 ; free virtual = 3633
INFO: [Project 1-570] Preparing netlist for logic optimization
INFO: [Opt 31-138] Pushed 0 inverter(s) to 0 load pin(s).
Netlist sorting complete. Time (s): cpu = 00:00:00 ; elapsed = 00:00:00 . Memory (MB): peak = 2148.430 ; gain = 0.000 ; free physical = 673 ; free virtual = 3581
INFO: [Project 1-111] Unisim Transformation Summary:
No Unisim elements were transformed.

INFO: [Common 17-83] Releasing license: Synthesis
21 Infos, 3 Warnings, 3 Critical Warnings and 0 Errors encountered.
synth_design completed successfully
synth_design: Time (s): cpu = 00:00:41 ; elapsed = 00:00:46 . Memory (MB): peak = 2148.430 ; gain = 37.953 ; free physical = 806 ; free virtual = 3714
INFO: [Common 17-1381] The checkpoint '/home/hugo/Desktop/vhdl-projects/Contator/Contator.runs/synth_1/main.dcp' has been generated.
INFO: [runtcl-4] Executing : report_utilization -file main_utilization_synth.rpt -pb main_utilization_synth.pb
INFO: [Common 17-206] Exiting Vivado at Thu Dec 10 14:57:04 2020...
