Vivado Simulator 2020.1
Copyright 1986-1999, 2001-2020 Xilinx, Inc. All Rights Reserved.
Running: /media/Infinity/Hugo/files/Vivado/Vivado/2020.1/bin/unwrapped/lnx64.o/xelab -wto ef7c473616ae46829eec548938972e2d --incr --debug typical --relax --mt 8 -L xil_defaultlib -L secureip --snapshot main_behav xil_defaultlib.main -log elaborate.log 
Using 8 slave threads.
Starting static elaboration
Completed static elaboration
Starting simulation data flow analysis
Completed simulation data flow analysis
Time Resolution for simulation is 1ps
Compiling package std.standard
Compiling package std.textio
Compiling package ieee.std_logic_1164
Compiling architecture behavioral of entity xil_defaultlib.complemento_de_1 [complemento_de_1_default]
Compiling architecture behavioral of entity xil_defaultlib.soma1 [soma1_default]
Compiling architecture behavioral of entity xil_defaultlib.overflow [overflow_default]
Compiling architecture behavioral of entity xil_defaultlib.soma4 [soma4_default]
Compiling architecture behavioral of entity xil_defaultlib.mux4 [mux4_default]
Compiling architecture behavioral of entity xil_defaultlib.BCD_to_7seg [bcd_to_7seg_default]
Compiling architecture behavioral of entity xil_defaultlib.main
Built simulation snapshot main_behav
